<?xml version="1.0" encoding="UTF-8"?>
<!-- Generated by org.testng.reporters.JUnitReportReporter -->
<testsuite hostname="LAPTOP-853T4BBS" name="Project.HomePage" tests="1" failures="0" timestamp="4 Jul 2019 23:18:38 GMT" time="23.696" errors="0">
  <testcase name="UserListTable" time="23.696" classname="Project.HomePage"/>
</testsuite> <!-- Project.HomePage -->
