<?xml version="1.0" encoding="UTF-8"?>
<!-- Generated by org.testng.reporters.JUnitReportReporter -->
<testsuite skipped="0" hostname="LAPTOP-853T4BBS" name="Project.AddUserPage" tests="1" failures="0" timestamp="10 Jul 2019 12:05:59 GMT" time="60.465" errors="0">
  <testcase name="UserDetails" time="60.465" classname="Project.AddUserPage"/>
</testsuite> <!-- Project.AddUserPage -->
